Starting a Gradle Daemon, 1 busy and 1 stopped Daemons could not be reused, use --status for details
> Task :compileJava UP-TO-DATE
> Task :processResources UP-TO-DATE
> Task :classes UP-TO-DATE
> Task :resolveMainClassName UP-TO-DATE

> Task :bootRun

  .   ____          _            __ _ _
 /\\ / ___'_ __ _ _(_)_ __  __ _ \ \ \ \
( ( )\___ | '_ | '_| | '_ \/ _` | \ \ \ \
 \\/  ___)| |_)| | | | | || (_| |  ) ) ) )
  '  |____| .__|_| |_|_| |_\__, | / / / /
 =========|_|==============|___/=/_/_/_/

 :: Spring Boot ::                (v3.4.4)

2026-05-12T07:08:52.010+09:00  INFO 14192 --- [           main] roomescape.RoomescapeApplication         : Starting RoomescapeApplication using Java 21.0.11 with PID 14192 (C:\Users\ghrud\spring-roomescape-member\build\classes\java\main started by ghrud in C:\Users\ghrud\spring-roomescape-member)
2026-05-12T07:08:52.017+09:00  INFO 14192 --- [           main] roomescape.RoomescapeApplication         : No active profile set, falling back to 1 default profile: "default"
2026-05-12T07:08:55.336+09:00  INFO 14192 --- [           main] o.s.b.w.embedded.tomcat.TomcatWebServer  : Tomcat initialized with port 8080 (http)
2026-05-12T07:08:55.401+09:00  INFO 14192 --- [           main] o.apache.catalina.core.StandardService   : Starting service [Tomcat]
2026-05-12T07:08:55.401+09:00  INFO 14192 --- [           main] o.apache.catalina.core.StandardEngine    : Starting Servlet engine: [Apache Tomcat/10.1.39]
2026-05-12T07:08:55.646+09:00  INFO 14192 --- [           main] o.a.c.c.C.[Tomcat].[localhost].[/]       : Initializing Spring embedded WebApplicationContext
2026-05-12T07:08:55.648+09:00  INFO 14192 --- [           main] w.s.c.ServletWebServerApplicationContext : Root WebApplicationContext: initialization completed in 3535 ms
2026-05-12T07:08:56.077+09:00  INFO 14192 --- [           main] com.zaxxer.hikari.HikariDataSource       : HikariPool-1 - Starting...
2026-05-12T07:08:56.754+09:00  INFO 14192 --- [           main] com.zaxxer.hikari.pool.HikariPool        : HikariPool-1 - Added connection conn0: url=jdbc:h2:mem:database user=SA
2026-05-12T07:08:56.761+09:00  INFO 14192 --- [           main] com.zaxxer.hikari.HikariDataSource       : HikariPool-1 - Start completed.
2026-05-12T07:08:57.699+09:00  INFO 14192 --- [           main] o.s.b.a.w.s.WelcomePageHandlerMapping    : Adding welcome page: class path resource [static/index.html]
2026-05-12T07:08:58.899+09:00  INFO 14192 --- [           main] o.s.b.a.h2.H2ConsoleAutoConfiguration    : H2 console available at '/h2-console'. Database available at 'jdbc:h2:mem:database'
2026-05-12T07:08:59.091+09:00  WARN 14192 --- [           main] ConfigServletWebServerApplicationContext : Exception encountered during context initialization - cancelling refresh attempt: org.springframework.context.ApplicationContextException: Failed to start bean 'webServerStartStop'
2026-05-12T07:08:59.095+09:00  INFO 14192 --- [           main] com.zaxxer.hikari.HikariDataSource       : HikariPool-1 - Shutdown initiated...
2026-05-12T07:08:59.104+09:00  INFO 14192 --- [           main] com.zaxxer.hikari.HikariDataSource       : HikariPool-1 - Shutdown completed.
2026-05-12T07:08:59.148+09:00  INFO 14192 --- [           main] .s.b.a.l.ConditionEvaluationReportLogger : 

Error starting ApplicationContext. To display the condition evaluation report re-run your application with 'debug' enabled.
2026-05-12T07:08:59.216+09:00 ERROR 14192 --- [           main] o.s.b.d.LoggingFailureAnalysisReporter   : 

***************************
APPLICATION FAILED TO START
***************************

Description:

Web server failed to start. Port 8080 was already in use.

Action:

Identify and stop the process that's listening on port 8080 or configure this application to listen on another port.


> Task :bootRun FAILED
4 actionable tasks: 1 executed, 3 up-to-date
